This is TeXk, Version 3.14159265 (TeX Live 2019/Debian) (preloaded format=tex 2021.4.2)  6 APR 2021 23:58
 file:line:error style messages enabled.
**\nonstopmode\input codigo.texic
(./codigo.texic (./texinfo.tex Loading texinfo package [Version 2.257]:
Basics,
\bindingoffset=\dimen16
\normaloffset=\dimen17
\pagewidth=\dimen18
\pageheight=\dimen19
\outerhsize=\dimen20
\outervsize=\dimen21
\cornerlong=\dimen22
\cornerthick=\dimen23
\topandbottommargin=\dimen24
\headlinebox=\box16
\footlinebox=\box17
\margin=\insert252
\EMsimple=\toks12
\singlespaceskip=\skip18
\groupinvalidhelp=\toks13
\mil=\dimen25
\exdentamount=\skip19
\inmarginspacing=\skip20
 fonts,
\sffam=\fam8
\mainmagstep=\count26
\fontdepth=\count27
 page headings,
\titlepagetopglue=\skip21
\titlepagebottomglue=\skip22
\evenheadline=\toks14
\oddheadline=\toks15
\evenfootline=\toks16
\oddfootline=\toks17
 tables,
\tableindent=\dimen26
\itemindent=\dimen27
\itemmargin=\dimen28
\itemmax=\dimen29
\itemno=\count28
\multitableparskip=\skip23
\multitableparindent=\skip24
\multitablecolspace=\dimen30
\multitablelinespace=\skip25
\colcount=\count29
 indexing,
\secondaryindent=\skip26
\partialpage=\box18
\doublecolumnhsize=\dimen31
 sectioning,
\chapno=\count30
\secno=\count31
\subsecno=\count32
\subsubsecno=\count33
\appendixno=\count34
\absseclevel=\count35
\secbase=\count36
\chapheadingskip=\skip27
\secheadingskip=\skip28
\subsecheadingskip=\skip29
 toc,
\tocfile=\write0
\contentsrightmargin=\skip30
\savepageno=\count37
\lastnegativepageno=\count38
\shortappendixwidth=\dimen32
\tocindent=\dimen33
 environments,
\dblarrowbox=\box19
\longdblarrowbox=\box20
\pushcharbox=\box21
\bullbox=\box22
\equivbox=\box23
\errorbox=\box24
\lispnarrowing=\skip31
\envskipamount=\skip32
\circthick=\dimen34
\cartouter=\dimen35
\cartinner=\dimen36
\normbskip=\skip33
\normpskip=\skip34
\normlskip=\skip35
\lskip=\skip36
\rskip=\skip37

defuns,
\defbodyindent=\skip38
\defargsindent=\skip39
\deftypemargin=\skip40
\deflastargmargin=\skip41
\parencount=\count39
 macros,
\macscribble=\write1
\paramno=\count40
\macname=\toks18
 cross references,
\auxfile=\write2
\footnoteno=\count41

(/usr/share/texlive/texmf-dist/tex/generic/epsf/epsf.tex
This is `epsf.tex' v2.7.4 <14 February 2011>
\epsffilein=\read0
\epsfframemargin=\dimen37
\epsfframethickness=\dimen38
\epsfrsize=\dimen39
\epsftmp=\dimen40
\epsftsize=\dimen41
\epsfxsize=\dimen42
\epsfysize=\dimen43
\pspoints=\dimen44
)
\noepsfhelp=\toks19
 paper sizes,
\defaultparindent=\dimen45
 and turning on texinfo input format.) (./codigo.aux)
@fnindfile=@write3
 [1
\openout2 = `codigo.aux'.

\openout3 = `codigo.fn'.

]
[2] (./codigo.toc) [-1] (./codigointro.texic (codigo)
\openout0 = `codigo.toc'.

Missing character: There is no ^^c3 in font cmr10!
Missing character: There is no ^^ba in font cmr10!
Missing character: There is no ^^c2 in font cmr10!
Missing character: There is no ^^b2 in font cmr10!
 [1] [2]
\openout1 = `codigo.tmp'.

 (./codigo.tmp)
\openout1 = `codigo.tmp'.


(./codigo.tmp)
\openout1 = `codigo.tmp'.

 (./codigo.tmp)
\openout1 = `codigo.tmp'.

 (./codigo.tmp) [3] [4]) (./codigorefs.texic
(References) [5] [6]) [7] [8] ) 
Here is how much of TeX's memory you used:
 1157 strings out of 497973
 12284 string characters out of 6220705
 31109 words of memory out of 5000000
 2031 multiletter control sequences out of 15000+600000
 30088 words of font info for 104 fonts, out of 8000000 for 9000
 19 hyphenation exceptions out of 8191
 15i,5n,13p,337b,301s stack positions out of 5000i,500n,10000p,200000b,80000s

Output written on codigo.dvi (11 pages, 17972 bytes).
